<?xml version="1.0" encoding="UTF-8"?>
<testsuite name="com.springboot.webservice.web.dto.HelloResponseDtoTest" tests="1" skipped="0" failures="0" errors="0" timestamp="2020-08-13T03:31:27" hostname="seyeong-ui-MacBook-Air-2.local" time="0.08">
  <properties/>
  <testcase name="롬복_테스트" classname="com.springboot.webservice.web.dto.HelloResponseDtoTest" time="0.08"/>
  <system-out><![CDATA[]]></system-out>
  <system-err><![CDATA[]]></system-err>
</testsuite>
